# JRE version: Java(TM) SE Runtime Environment (8.0_271-b09) (build 1.8.0_271-b09)
# Java VM: Java HotSpot(TM) 64-Bit Server VM (25.271-b09 mixed mode windows-amd64 compressed oops)
Heap:
 PSYoungGen      total 124928K, used 56968K [0x00000000f5580000, 0x0000000100000000, 0x0000000100000000)
  eden space 97792K, 30% used [0x00000000f5580000,0x00000000f72fdea0,0x00000000fb500000)
  from space 27136K, 98% used [0x00000000fb500000,0x00000000fcf24178,0x00000000fcf80000)
  to   space 39936K, 0% used [0x00000000fd900000,0x00000000fd900000,0x0000000100000000)
 ParOldGen       total 233472K, used 78463K [0x00000000e0000000, 0x00000000ee400000, 0x00000000f5580000)
  object space 233472K, 33% used [0x00000000e0000000,0x00000000e4c9fd08,0x00000000ee400000)
 Metaspace       used 80631K, capacity 86396K, committed 86656K, reserved 1124352K
  class space    used 11179K, capacity 12388K, committed 12416K, reserved 1048576K
GC Heap History (10 events):
Event: 29.225 GC heap before
{Heap before GC invocations=16 (full 3):
 PSYoungGen      total 140800K, used 140776K [0x00000000f5580000, 0x0000000100000000, 0x0000000100000000)
  eden space 119296K, 100% used [0x00000000f5580000,0x00000000fca00000,0x00000000fca00000)
  from space 21504K, 99% used [0x00000000feb00000,0x00000000ffffa010,0x0000000100000000)
  to   space 27648K, 0% used [0x00000000fca00000,0x00000000fca00000,0x00000000fe500000)
 ParOldGen       total 233472K, used 47350K [0x00000000e0000000, 0x00000000ee400000, 0x00000000f5580000)
  object space 233472K, 20% used [0x00000000e0000000,0x00000000e2e3db18,0x00000000ee400000)
 Metaspace       used 74013K, capacity 78846K, committed 78976K, reserved 1116160K
  class space    used 10456K, capacity 11553K, committed 11648K, reserved 1048576K
Event: 29.298 GC heap after
Heap after GC invocations=16 (full 3):
 PSYoungGen      total 145408K, used 25944K [0x00000000f5580000, 0x0000000100000000, 0x0000000100000000)
  eden space 119296K, 0% used [0x00000000f5580000,0x00000000f5580000,0x00000000fca00000)
  from space 26112K, 99% used [0x00000000fca00000,0x00000000fe356390,0x00000000fe380000)
  to   space 29184K, 0% used [0x00000000fe380000,0x00000000fe380000,0x0000000100000000)
 ParOldGen       total 233472K, used 57990K [0x00000000e0000000, 0x00000000ee400000, 0x00000000f5580000)
  object space 233472K, 24% used [0x00000000e0000000,0x00000000e38a1b78,0x00000000ee400000)
 Metaspace       used 74013K, capacity 78846K, committed 78976K, reserved 1116160K
  class space    used 10456K, capacity 11553K, committed 11648K, reserved 1048576K
}
Event: 33.281 GC heap before
{Heap before GC invocations=17 (full 3):
 PSYoungGen      total 145408K, used 145240K [0x00000000f5580000, 0x0000000100000000, 0x0000000100000000)
  eden space 119296K, 100% used [0x00000000f5580000,0x00000000fca00000,0x00000000fca00000)
  from space 26112K, 99% used [0x00000000fca00000,0x00000000fe356390,0x00000000fe380000)
  to   space 29184K, 0% used [0x00000000fe380000,0x00000000fe380000,0x0000000100000000)
 ParOldGen       total 233472K, used 57990K [0x00000000e0000000, 0x00000000ee400000, 0x00000000f5580000)
  object space 233472K, 24% used [0x00000000e0000000,0x00000000e38a1b78,0x00000000ee400000)
 Metaspace       used 75087K, capacity 80198K, committed 80384K, reserved 1118208K
  class space    used 10541K, capacity 11657K, committed 11776K, reserved 1048576K
Event: 33.321 GC heap after
Heap after GC invocations=17 (full 3):
 PSYoungGen      total 134144K, used 28466K [0x00000000f5580000, 0x0000000100000000, 0x0000000100000000)
  eden space 104960K, 0% used [0x00000000f5580000,0x00000000f5580000,0x00000000fbc00000)
  from space 29184K, 97% used [0x00000000fe380000,0x00000000fff4ca00,0x0000000100000000)
  to   space 34816K, 0% used [0x00000000fbc00000,0x00000000fbc00000,0x00000000fde00000)
 ParOldGen       total 233472K, used 57998K [0x00000000e0000000, 0x00000000ee400000, 0x00000000f5580000)
  object space 233472K, 24% used [0x00000000e0000000,0x00000000e38a3b78,0x00000000ee400000)
 Metaspace       used 75087K, capacity 80198K, committed 80384K, reserved 1118208K
  class space    used 10541K, capacity 11657K, committed 11776K, reserved 1048576K
}
Event: 35.487 GC heap before
{Heap before GC invocations=18 (full 3):
 PSYoungGen      total 134144K, used 133426K [0x00000000f5580000, 0x0000000100000000, 0x0000000100000000)
  eden space 104960K, 100% used [0x00000000f5580000,0x00000000fbc00000,0x00000000fbc00000)
  from space 29184K, 97% used [0x00000000fe380000,0x00000000fff4ca00,0x0000000100000000)
  to   space 34816K, 0% used [0x00000000fbc00000,0x00000000fbc00000,0x00000000fde00000)
 ParOldGen       total 233472K, used 57998K [0x00000000e0000000, 0x00000000ee400000, 0x00000000f5580000)
  object space 233472K, 24% used [0x00000000e0000000,0x00000000e38a3b78,0x00000000ee400000)
 Metaspace       used 75551K, capacity 80742K, committed 80896K, reserved 1118208K
  class space    used 10560K, capacity 11685K, committed 11776K, reserved 1048576K
Event: 35.519 GC heap after
Heap after GC invocations=18 (full 3):
 PSYoungGen      total 139776K, used 34792K [0x00000000f5580000, 0x0000000100000000, 0x0000000100000000)
  eden space 104960K, 0% used [0x00000000f5580000,0x00000000f5580000,0x00000000fbc00000)
  from space 34816K, 99% used [0x00000000fbc00000,0x00000000fddfa0a0,0x00000000fde00000)
  to   space 34816K, 0% used [0x00000000fde00000,0x00000000fde00000,0x0000000100000000)
 ParOldGen       total 233472K, used 58702K [0x00000000e0000000, 0x00000000ee400000, 0x00000000f5580000)
  object space 233472K, 25% used [0x00000000e0000000,0x00000000e3953b68,0x00000000ee400000)
 Metaspace       used 75551K, capacity 80742K, committed 80896K, reserved 1118208K
  class space    used 10560K, capacity 11685K, committed 11776K, reserved 1048576K
}
Event: 36.967 GC heap before
{Heap before GC invocations=19 (full 3):
 PSYoungGen      total 139776K, used 139752K [0x00000000f5580000, 0x0000000100000000, 0x0000000100000000)
  eden space 104960K, 100% used [0x00000000f5580000,0x00000000fbc00000,0x00000000fbc00000)
  from space 34816K, 99% used [0x00000000fbc00000,0x00000000fddfa0a0,0x00000000fde00000)
  to   space 34816K, 0% used [0x00000000fde00000,0x00000000fde00000,0x0000000100000000)
 ParOldGen       total 233472K, used 58702K [0x00000000e0000000, 0x00000000ee400000, 0x00000000f5580000)
  object space 233472K, 25% used [0x00000000e0000000,0x00000000e3953b68,0x00000000ee400000)
 Metaspace       used 75833K, capacity 81332K, committed 81408K, reserved 1118208K
  class space    used 10600K, capacity 11740K, committed 11776K, reserved 1048576K
Event: 37.038 GC heap after
Heap after GC invocations=19 (full 3):
 PSYoungGen      total 132608K, used 20224K [0x00000000f5580000, 0x0000000100000000, 0x0000000100000000)
  eden space 97792K, 0% used [0x00000000f5580000,0x00000000f5580000,0x00000000fb500000)
  from space 34816K, 58% used [0x00000000fde00000,0x00000000ff1c0040,0x0000000100000000)
  to   space 38400K, 0% used [0x00000000fb500000,0x00000000fb500000,0x00000000fda80000)
 ParOldGen       total 233472K, used 78455K [0x00000000e0000000, 0x00000000ee400000, 0x00000000f5580000)
  object space 233472K, 33% used [0x00000000e0000000,0x00000000e4c9dd08,0x00000000ee400000)
 Metaspace       used 75833K, capacity 81332K, committed 81408K, reserved 1118208K
  class space    used 10600K, capacity 11740K, committed 11776K, reserved 1048576K
}
Event: 39.870 GC heap before
{Heap before GC invocations=20 (full 3):
 PSYoungGen      total 132608K, used 118016K [0x00000000f5580000, 0x0000000100000000, 0x0000000100000000)
  eden space 97792K, 100% used [0x00000000f5580000,0x00000000fb500000,0x00000000fb500000)
  from space 34816K, 58% used [0x00000000fde00000,0x00000000ff1c0040,0x0000000100000000)
  to   space 38400K, 0% used [0x00000000fb500000,0x00000000fb500000,0x00000000fda80000)
 ParOldGen       total 233472K, used 78455K [0x00000000e0000000, 0x00000000ee400000, 0x00000000f5580000)
  object space 233472K, 33% used [0x00000000e0000000,0x00000000e4c9dd08,0x00000000ee400000)
 Metaspace       used 78559K, capacity 84130K, committed 84352K, reserved 1122304K
  class space    used 10968K, capacity 12117K, committed 12160K, reserved 1048576K
Event: 39.889 GC heap after
Heap after GC invocations=20 (full 3):
 PSYoungGen      total 124928K, used 26768K [0x00000000f5580000, 0x0000000100000000, 0x0000000100000000)
  eden space 97792K, 0% used [0x00000000f5580000,0x00000000f5580000,0x00000000fb500000)
  from space 27136K, 98% used [0x00000000fb500000,0x00000000fcf24178,0x00000000fcf80000)
  to   space 39936K, 0% used [0x00000000fd900000,0x00000000fd900000,0x0000000100000000)
 ParOldGen       total 233472K, used 78463K [0x00000000e0000000, 0x00000000ee400000, 0x00000000f5580000)
  object space 233472K, 33% used [0x00000000e0000000,0x00000000e4c9fd08,0x00000000ee400000)
 Metaspace       used 78559K, capacity 84130K, committed 84352K, reserved 1122304K
  class space    used 10968K, capacity 12117K, committed 12160K, reserved 1048576K
}

